<?xml version="1.0" encoding="UTF-8"?>
<!-- Generated by org.testng.reporters.JUnitReportReporter -->
<testsuite hostname="DESKTOP-T9801DJ" failures="0" tests="2" name="com.telran.tests.bookstore.LoginTests" time="27.999" errors="0" timestamp="2022-11-01T10:42:31 CET" skipped="0">
  <testcase classname="com.telran.tests.bookstore.LoginTests" name="LoginPositiveTest" time="14.830"/>
  <system-out/>
  <testcase classname="com.telran.tests.bookstore.LoginTests" name="LoginPositiveParametersTest" time="13.169"/>
  <system-out/>
</testsuite> <!-- com.telran.tests.bookstore.LoginTests -->
